<?xml version="1.0" encoding="UTF-8"?>
<!-- Generated by org.testng.reporters.JUnitXMLReporter -->
<testsuite ignored="0" hostname="WaseemKhan" failures="1" tests="1" name="Test" time="4.642" errors="0" timestamp="2025-07-27T17:18:17 IST">
  <testcase classname="testCases.TC001_AccountRegistrationTest" name="verify_accouunt_registration" time="1.779">
    <failure type="java.lang.AssertionError" message="expected [true] but found [false]">
      <![CDATA[java.lang.AssertionError: expected [true] but found [false]
at testCases.TC001_AccountRegistrationTest.verify_accouunt_registration(TC001_AccountRegistrationTest.java:53)
at java.base/java.util.ArrayList.forEach(ArrayList.java:1604)
... Removed 29 stack frames]]>
    </failure>
  </testcase> <!-- verify_accouunt_registration -->
</testsuite> <!-- Test -->
