<?xml version="1.0" encoding="UTF-8"?>
<!-- Generated by org.testng.reporters.JUnitXMLReporter -->
<testsuite ignored="0" hostname="WaseemKhan" failures="0" tests="1" name="Test" time="0.056" errors="0" timestamp="2025-07-27T16:29:37 IST">
  <testcase classname="testBase.BaseClass" name="@BeforeClass setup" time="-1.753613977382E9">
    <failure type="org.testng.TestNGException" message="
Parameter &amp;apos;os&amp;apos; is required by BeforeClass on method setup but has not been marked @Optional or defined
in C:\workspaces\Selenium_WebDriver\OpenCart121\master.xml">
      <![CDATA[org.testng.TestNGException: 
Parameter 'os' is required by BeforeClass on method setup but has not been marked @Optional or defined
in C:\workspaces\Selenium_WebDriver\OpenCart121\master.xml
at java.base/java.util.ArrayList.forEach(ArrayList.java:1604)
... Removed 22 stack frames]]>
    </failure>
  </testcase> <!-- @BeforeClass setup -->
  <testcase classname="testBase.BaseClass" name="@AfterClass tearDown" time="0.0">
    <skipped/>
  </testcase> <!-- @AfterClass tearDown -->
  <testcase classname="testCases.TC001_AccountRegistrationTest" name="verify_accouunt_registration" time="0.0">
    <skipped/>
  </testcase> <!-- verify_accouunt_registration -->
</testsuite> <!-- Test -->
